26.12.2011  18:05         1 608 514 001 Сура 96 Сгусток.mp3
26.12.2011  18:05         3 811 028 002 Сура 74 Закутавшийся.mp3
26.12.2011  18:05           753 657 003 Сура 111 Пальмовые волокна.mp3
26.12.2011  18:04           442 277 004 Сура 106 Курайш.mp3
26.12.2011  18:04           440 605 005 Сура 108 Обильный.mp3
26.12.2011  18:05           757 836 006 Сура 104 Хулитель.mp3
26.12.2011  18:04           741 118 007 Сура 107 Подаяние.mp3
26.12.2011  18:04           680 514 008 Сура 102 Охота к умножению.mp3
26.12.2011  18:04           982 280 009 Сура 105 Слон.mp3
26.12.2011  18:05         1 621 340 010 Сура 92 Ночь.mp3
26.12.2011  18:05         1 323 335 011 Сура 90 Город.mp3
26.12.2011  18:05           995 655 012 Сура 94 Разве мы не раскрыли.mp3
22.05.2012  00:03         1 074 231 013 Сура 93 Утро.mp3
26.12.2011  18:05           744 462 014 Сура 97 Могущество.mp3
26.12.2011  18:04         1 466 695 015 Сура 86 Идущий ночью.mp3
26.12.2011  18:05         1 785 180 016 Сура 91 Солнце.mp3
26.12.2011  18:05         2 622 352 017 Сура 80 Нахмурился.mp3
26.12.2011  18:06         4 959 998 018 Сура 68 Письменная трость.mp3
26.12.2011  18:04         1 549 451 019 Сура 87 Высочайший.mp3
26.12.2011  18:05           762 434 020 Сура 95 Смаковница.mp3
26.12.2011  18:04           499 956 021 Сура 103 Предвечернее время.mp3
26.12.2011  18:05         1 758 849 022 Сура 85 Башни.mp3
26.12.2011  18:06         3 087 123 023 Сура 73 Завернувшийся.mp3
26.12.2011  18:03           810 499 024 Сура 101 Поражающее.mp3
26.12.2011  18:05         1 054 587 025 Сура 99 Землетрясение.mp3
26.12.2011  18:05         1 644 746 026 Сура 82 Раскалывание.mp3
26.12.2011  18:05         2 429 673 027 Сура 81 Скручивание.mp3
26.12.2011  18:06         5 132 197 028 Сура 53 Звезда.mp3
26.12.2011  18:05         1 736 697 029 Сура 84 Разрушение.mp3
26.12.2011  18:04           941 738 030 Сура 100 Мчащиеся.mp3
26.12.2011  18:06         3 402 682 031 Сура 79 Вырывающие.mp3
26.12.2011  18:06         3 886 679 032 Сура 77 Посылаемые.mp3
26.12.2011  18:06         3 246 365 033 Сура 78 Весть.mp3
26.12.2011  18:05         1 740 876 034 Сура 88 Покрывающие.mp3
26.12.2011  18:05         2 265 425 035 Сура 89 Заря.mp3
26.12.2011  18:04         2 850 976 036 Сура 75 Воскресение.mp3
26.12.2011  18:04         3 107 185 037 Сура 83 Обвешивающие.mp3
26.12.2011  18:06         3 749 588 038 Сура 69 Неизбежное.mp3
26.12.2011  18:06         5 955 159 039 Сура 51 Рассеивающие.mp3
26.12.2011  18:07         4 177 160 040 Сура 52 Гора.mp3
26.12.2011  18:07         7 095 351 041 Сура 56 Падающие.mp3
26.12.2011  18:04         3 245 111 042 Сура 70 Ступени.mp3
26.12.2011  18:06         6 333 830 043 Сура 55 Милосердный.mp3
26.12.2011  18:05           435 590 044 Сура 112 Очищение.mp3
26.12.2011  18:03           777 898 045 Сура 109 Неверные.mp3
26.12.2011  18:04           384 181 046 Сура 113 Рассвет.mp3
26.12.2011  18:04           426 813 047 Сура 114 Люди.mp3
26.12.2011  18:05         1 035 939 048 Сура 1 Открывающий книгу.mp3
26.12.2011  18:07         6 497 252 049 Сура 54 Луна.mp3
26.12.2011  18:07        13 325 033 050 Сура 37 Стоящие рядом.mp3
26.12.2011  18:04         3 352 945 051 Сура 71 Ной.mp3
26.12.2011  18:04         3 654 711 052 Сура 76 Человек.mp3
26.12.2011  18:05         6 109 386 053 Сура 44 Дым.mp3
26.12.2011  18:06         6 030 809 054 Сура 50 Кав Буква.mp3
26.12.2011  18:07        21 364 060 055 Сура 20 Та Ха.mp3
26.12.2011  18:07        20 898 871 056 Сура 26 Поэты.mp3
26.12.2011  18:06        10 522 617 057 Сура 15 Аль-Хиджр.mp3
26.12.2011  18:06        16 647 809 058 Сура 19 Мария.mp3
26.12.2011  18:06        11 514 016 059 Сура 38 Сад Буква.mp3
26.12.2011  18:06        10 783 423 060 Сура 36 Йа Син.mp3
26.12.2011  18:07        14 712 240 061 Сура 43 Украшение.mp3
26.12.2011  18:06         4 371 094 062 Сура 72 Гении.mp3
26.12.2011  18:07         5 657 572 063 Сура 67 Власть.mp3
26.12.2011  18:07        15 862 463 064 Сура 23 Верующие.mp3
26.12.2011  18:07        17 995 309 065 Сура 21 Пророки.mp3
26.12.2011  18:07        14 876 916 066 Сура 25 Различение.mp3
26.12.2011  18:06        25 169 272 067 Сура 17 Перенёс ночью.mp3
26.12.2011  18:07        18 227 276 068 Сура 27 Муравьи.mp3
26.12.2011  18:07        26 059 831 069 Сура 18 Пещера.mp3
26.12.2011  18:06         6 234 774 070 Сура 32 Поклон.mp3
26.12.2011  18:07        14 135 456 071 Сура 41 Разъяснены.mp3
26.12.2011  18:06         8 946 911 072 Сура 45 Коленопреклоненные.mp3
26.12.2011  18:06        28 869 771 073 Сура 16 Пчёлы.mp3
26.12.2011  18:06        12 601 964 074 Сура 30 Греки.mp3
26.12.2011  18:06        30 303 789 075 Сура 11 Худ.mp3
26.12.2011  18:06        13 799 417 076 Сура 14 Авраам.mp3
26.12.2011  18:07        29 589 497 077 Сура 12 Иосиф.mp3
26.12.2011  18:07        19 488 677 078 Сура 40 Верующий.mp3
26.12.2011  18:07        22 296 527 079 Сура 28 Рассказы.mp3
26.12.2011  18:07        18 162 075 080 Сура 39 Толпы.mp3
26.12.2011  18:06        15 402 708 081 Сура 29 Паук.mp3
26.12.2011  18:07         9 298 414 082 Сура 31 Лукман.mp3
26.12.2011  18:07        14 033 892 083 Сура 42 Совет.mp3
26.12.2011  18:07        29 664 311 084 Сура 10 Иона.mp3
26.12.2011  18:07        13 411 551 085 Сура 34 Саба.mp3
26.12.2011  18:06        10 774 646 086 Сура 35 Ангелы.mp3
26.12.2011  18:07        59 173 066 087 Сура 7 Преграды.mp3
26.12.2011  18:07        11 697 500 088 Сура 46 Пески.mp3
26.12.2011  18:07        54 948 334 089 Сура 6 Скот.mp3
26.12.2011  18:07        14 419 250 090 Сура 13 Гром.mp3
26.12.2011  18:07       113 050 094 091 Сура 2 Корова.mp3
26.12.2011  18:05         1 944 422 092 Сура 98 Ясное знаменье.mp3
26.12.2011  18:05         4 253 229 093 Сура 64 Взаимное обманывание.mp3
26.12.2011  18:05         2 943 345 094 Сура 62 Собрание.mp3
26.12.2011  18:07        21 850 982 095 Сура 8 Добыча.mp3
26.12.2011  18:06         9 808 325 096 Сура 47 Мухаммад.mp3
26.12.2011  18:07        62 553 520 097 Сура 3 Семейство Имрана.mp3
26.12.2011  18:04         3 787 622 098 Сура 61 Ряды.mp3
26.12.2011  18:06        10 118 032 099 Сура 57 Железо.mp3
26.12.2011  18:07        65 688 214 100 Сура 4 Женщины.mp3
26.12.2011  18:05         4 624 795 101 Сура 65 Развод.mp3
26.12.2011  18:06         6 700 798 102 Сура 59 Сбор.mp3
26.12.2011  18:07        21 072 325 103 Сура 33 Сонмы.mp3
26.12.2011  18:06         3 176 566 104 Сура 63 Лицемеры.mp3
26.12.2011  18:07        20 650 604 105 Сура 24 Свет.mp3
26.12.2011  18:06         8 253 934 106 Сура 58 Препирательство.mp3
26.12.2011  18:07        20 980 791 107 Сура 22 Хадж.mp3
26.12.2011  18:06         9 835 074 108 Сура 48 Победа.mp3
26.12.2011  18:06         4 247 796 109 Сура 66 Запрещение.mp3
26.12.2011  18:06         6 198 411 110 Сура 60 Испытуемая.mp3
26.12.2011  18:04           507 061 111 Сура 110 Помощь.mp3
26.12.2011  18:06         6 478 026 112 Сура 49 Комнаты.mp3
26.12.2011  18:07        47 941 667 113 Сура 9 Покаяние.mp3
26.12.2011  18:07        52 332 328 114 Сура 5 Трапеза.mp3
26.12.2011  18:07        14 560 056 izbrannye_sury_iz_Korana.mp3
